2023-04-09 00:03:50.360 [main] INFO  c.e.settlement.SettlementApplication - Starting SettlementApplication using Java 17.0.5 with PID 17715 (/Users/yangwu/IdeaProjects/settlement/target/classes started by yangwu in /Users/yangwu/IdeaProjects/settlement)
2023-04-09 00:03:50.366 [main] INFO  c.e.settlement.SettlementApplication - No active profile set, falling back to 1 default profile: "default"
2023-04-09 00:03:51.134 [main] INFO  o.s.b.w.e.tomcat.TomcatWebServer - Tomcat initialized with port(s): 8080 (http)
2023-04-09 00:03:51.140 [main] INFO  o.a.coyote.http11.Http11NioProtocol - Initializing ProtocolHandler ["http-nio-8080"]
2023-04-09 00:03:51.141 [main] INFO  o.a.catalina.core.StandardService - Starting service [Tomcat]
2023-04-09 00:03:51.141 [main] INFO  o.a.catalina.core.StandardEngine - Starting Servlet engine: [Apache Tomcat/10.1.7]
2023-04-09 00:03:51.200 [main] INFO  o.a.c.c.C.[Tomcat].[localhost].[/] - Initializing Spring embedded WebApplicationContext
2023-04-09 00:03:51.201 [main] INFO  o.s.b.w.s.c.ServletWebServerApplicationContext - Root WebApplicationContext: initialization completed in 795 ms
2023-04-09 00:03:51.478 [main] INFO  o.a.coyote.http11.Http11NioProtocol - Starting ProtocolHandler ["http-nio-8080"]
2023-04-09 00:03:51.497 [main] INFO  o.s.b.w.e.tomcat.TomcatWebServer - Tomcat started on port(s): 8080 (http) with context path ''
2023-04-09 00:03:51.505 [main] INFO  c.e.settlement.SettlementApplication - Started SettlementApplication in 1.453 seconds (process running for 2.296)
2023-04-09 00:03:57.655 [http-nio-8080-exec-1] INFO  o.a.c.c.C.[Tomcat].[localhost].[/] - Initializing Spring DispatcherServlet 'dispatcherServlet'
2023-04-09 00:03:57.655 [http-nio-8080-exec-1] INFO  o.s.web.servlet.DispatcherServlet - Initializing Servlet 'dispatcherServlet'
2023-04-09 00:03:57.656 [http-nio-8080-exec-1] INFO  o.s.web.servlet.DispatcherServlet - Completed initialization in 0 ms
2023-04-09 00:06:15.077 [main] INFO  c.e.settlement.SettlementApplication - Starting SettlementApplication using Java 17.0.5 with PID 17750 (/Users/yangwu/IdeaProjects/settlement/target/classes started by yangwu in /Users/yangwu/IdeaProjects/settlement)
2023-04-09 00:06:15.079 [main] INFO  c.e.settlement.SettlementApplication - No active profile set, falling back to 1 default profile: "default"
2023-04-09 00:06:15.732 [main] INFO  o.s.b.w.e.tomcat.TomcatWebServer - Tomcat initialized with port(s): 8080 (http)
2023-04-09 00:06:15.739 [main] INFO  o.a.coyote.http11.Http11NioProtocol - Initializing ProtocolHandler ["http-nio-8080"]
2023-04-09 00:06:15.740 [main] INFO  o.a.catalina.core.StandardService - Starting service [Tomcat]
2023-04-09 00:06:15.740 [main] INFO  o.a.catalina.core.StandardEngine - Starting Servlet engine: [Apache Tomcat/10.1.7]
2023-04-09 00:06:15.795 [main] INFO  o.a.c.c.C.[Tomcat].[localhost].[/] - Initializing Spring embedded WebApplicationContext
2023-04-09 00:06:15.796 [main] INFO  o.s.b.w.s.c.ServletWebServerApplicationContext - Root WebApplicationContext: initialization completed in 674 ms
2023-04-09 00:06:16.043 [main] INFO  o.a.coyote.http11.Http11NioProtocol - Starting ProtocolHandler ["http-nio-8080"]
2023-04-09 00:06:16.062 [main] INFO  o.s.b.w.e.tomcat.TomcatWebServer - Tomcat started on port(s): 8080 (http) with context path ''
2023-04-09 00:06:16.069 [main] INFO  c.e.settlement.SettlementApplication - Started SettlementApplication in 1.274 seconds (process running for 1.841)
2023-04-09 00:06:41.368 [http-nio-8080-exec-1] INFO  o.a.c.c.C.[Tomcat].[localhost].[/] - Initializing Spring DispatcherServlet 'dispatcherServlet'
2023-04-09 00:06:41.369 [http-nio-8080-exec-1] INFO  o.s.web.servlet.DispatcherServlet - Initializing Servlet 'dispatcherServlet'
2023-04-09 00:06:41.370 [http-nio-8080-exec-1] INFO  o.s.web.servlet.DispatcherServlet - Completed initialization in 1 ms
